01:40:32.299 [main] DEBUG api.test.UserTests - debugging.....
01:40:32.332 [main] INFO  api.test.UserTests - ********** Creating user  ***************
01:40:37.351 [main] INFO  api.test.UserTests - **********User is created  ***************
01:40:37.369 [main] INFO  api.test.UserTests - ********** Reading User Info ***************
01:40:38.581 [main] INFO  api.test.UserTests - **********User info  is displayed ***************
01:40:38.584 [main] INFO  api.test.UserTests - ********** Updating User ***************
01:40:39.779 [main] INFO  api.test.UserTests - ********** User updated ***************
01:40:40.932 [main] INFO  api.test.UserTests - **********   Deleting User  ***************
01:40:41.989 [main] INFO  api.test.UserTests - ********** User deleted ***************
02:21:03.263 [main] DEBUG api.test.UserTests_Properties - debugging.....
02:21:03.290 [main] INFO  api.test.UserTests_Properties - ********** Creating user  ***************
02:21:04.947 [main] INFO  api.test.UserTests_Properties - ********** Reading User Info ***************
02:21:04.966 [main] INFO  api.test.UserTests_Properties - ********** Updating User ***************
02:21:04.985 [main] INFO  api.test.UserTests_Properties - **********   Deleting User  ***************
02:23:44.496 [main] DEBUG api.test.UserTests_Properties - debugging.....
02:23:44.530 [main] INFO  api.test.UserTests_Properties - ********** Creating user  ***************
02:23:46.124 [main] INFO  api.test.UserTests_Properties - ********** Reading User Info ***************
02:23:46.142 [main] INFO  api.test.UserTests_Properties - ********** Updating User ***************
02:23:46.157 [main] INFO  api.test.UserTests_Properties - **********   Deleting User  ***************
02:25:42.916 [main] DEBUG api.test.UserTests_Properties - debugging.....
02:25:42.949 [main] INFO  api.test.UserTests_Properties - ********** Creating user  ***************
02:25:44.564 [main] INFO  api.test.UserTests_Properties - ********** Reading User Info ***************
02:25:44.586 [main] INFO  api.test.UserTests_Properties - ********** Updating User ***************
02:25:44.605 [main] INFO  api.test.UserTests_Properties - **********   Deleting User  ***************
02:29:35.066 [main] DEBUG api.test.UserTests_Properties - debugging.....
02:29:35.100 [main] INFO  api.test.UserTests_Properties - ********** Creating user  ***************
02:29:39.757 [main] INFO  api.test.UserTests_Properties - **********User is created  ***************
02:29:39.762 [main] INFO  api.test.UserTests_Properties - ********** Reading User Info ***************
02:29:40.878 [main] INFO  api.test.UserTests_Properties - **********User info  is displayed ***************
02:29:40.883 [main] INFO  api.test.UserTests_Properties - ********** Updating User ***************
02:29:42.028 [main] INFO  api.test.UserTests_Properties - ********** User updated ***************
02:29:43.083 [main] INFO  api.test.UserTests_Properties - **********   Deleting User  ***************
02:29:44.155 [main] INFO  api.test.UserTests_Properties - ********** User deleted ***************
02:40:01.734 [main] DEBUG api.test.UserTests - debugging.....
02:40:01.771 [main] INFO  api.test.UserTests - ********** Creating user  ***************
02:40:06.310 [main] INFO  api.test.UserTests - **********User is created  ***************
02:40:06.336 [main] INFO  api.test.UserTests - ********** Reading User Info ***************
02:40:07.492 [main] INFO  api.test.UserTests - **********User info  is displayed ***************
02:40:07.494 [main] INFO  api.test.UserTests - ********** Updating User ***************
02:40:08.657 [main] INFO  api.test.UserTests - ********** User updated ***************
02:40:09.847 [main] INFO  api.test.UserTests - **********   Deleting User  ***************
02:40:10.954 [main] INFO  api.test.UserTests - ********** User deleted ***************
02:40:11.004 [main] DEBUG api.test.UserTests_Properties - debugging.....
02:40:11.005 [main] INFO  api.test.UserTests_Properties - ********** Creating user  ***************
02:40:12.208 [main] INFO  api.test.UserTests_Properties - **********User is created  ***************
02:40:12.210 [main] INFO  api.test.UserTests_Properties - ********** Reading User Info ***************
02:40:13.299 [main] INFO  api.test.UserTests_Properties - **********User info  is displayed ***************
02:40:13.301 [main] INFO  api.test.UserTests_Properties - ********** Updating User ***************
02:40:14.403 [main] INFO  api.test.UserTests_Properties - ********** User updated ***************
02:40:15.511 [main] INFO  api.test.UserTests_Properties - **********   Deleting User  ***************
02:40:16.681 [main] INFO  api.test.UserTests_Properties - ********** User deleted ***************
14:24:27.523 [main] DEBUG api.test.UserTests - debugging.....
14:24:27.609 [main] INFO  api.test.UserTests - ********** Creating user  ***************
14:24:32.543 [main] INFO  api.test.UserTests - **********User is created  ***************
14:24:32.549 [main] INFO  api.test.UserTests - ********** Reading User Info ***************
14:24:33.667 [main] INFO  api.test.UserTests - **********User info  is displayed ***************
14:24:33.670 [main] INFO  api.test.UserTests - ********** Updating User ***************
14:24:34.762 [main] INFO  api.test.UserTests - ********** User updated ***************
14:24:35.864 [main] INFO  api.test.UserTests - **********   Deleting User  ***************
14:24:36.970 [main] INFO  api.test.UserTests - ********** User deleted ***************
14:25:15.461 [main] DEBUG api.test.UserTests - debugging.....
14:25:15.497 [main] INFO  api.test.UserTests - ********** Creating user  ***************
14:25:19.656 [main] INFO  api.test.UserTests - **********User is created  ***************
14:25:19.672 [main] INFO  api.test.UserTests - ********** Reading User Info ***************
14:25:20.783 [main] INFO  api.test.UserTests - **********User info  is displayed ***************
14:25:20.785 [main] INFO  api.test.UserTests - ********** Updating User ***************
14:25:21.976 [main] INFO  api.test.UserTests - ********** User updated ***************
14:25:23.069 [main] INFO  api.test.UserTests - **********   Deleting User  ***************
14:25:24.199 [main] INFO  api.test.UserTests - ********** User deleted ***************
14:25:24.270 [main] DEBUG api.test.UserTests_Properties - debugging.....
14:25:24.272 [main] INFO  api.test.UserTests_Properties - ********** Creating user  ***************
14:25:25.376 [main] INFO  api.test.UserTests_Properties - **********User is created  ***************
14:25:25.378 [main] INFO  api.test.UserTests_Properties - ********** Reading User Info ***************
14:25:26.482 [main] INFO  api.test.UserTests_Properties - **********User info  is displayed ***************
14:25:26.483 [main] INFO  api.test.UserTests_Properties - ********** Updating User ***************
14:25:27.538 [main] INFO  api.test.UserTests_Properties - ********** User updated ***************
14:25:28.630 [main] INFO  api.test.UserTests_Properties - **********   Deleting User  ***************
14:25:29.714 [main] INFO  api.test.UserTests_Properties - ********** User deleted ***************
14:29:41.387 [main] DEBUG api.test.UserTests - debugging.....
14:29:41.416 [main] INFO  api.test.UserTests - ********** Creating user  ***************
14:29:45.720 [main] INFO  api.test.UserTests - **********User is created  ***************
14:29:45.744 [main] INFO  api.test.UserTests - ********** Reading User Info ***************
14:29:46.914 [main] INFO  api.test.UserTests - **********User info  is displayed ***************
14:29:46.916 [main] INFO  api.test.UserTests - ********** Updating User ***************
14:29:47.953 [main] INFO  api.test.UserTests - ********** User updated ***************
14:29:49.001 [main] INFO  api.test.UserTests - **********   Deleting User  ***************
14:29:50.125 [main] INFO  api.test.UserTests - ********** User deleted ***************
14:29:50.201 [main] DEBUG api.test.UserTests_Properties - debugging.....
14:29:50.202 [main] INFO  api.test.UserTests_Properties - ********** Creating user  ***************
14:29:51.266 [main] INFO  api.test.UserTests_Properties - **********User is created  ***************
14:29:51.269 [main] INFO  api.test.UserTests_Properties - ********** Reading User Info ***************
14:29:52.332 [main] INFO  api.test.UserTests_Properties - **********User info  is displayed ***************
14:29:52.333 [main] INFO  api.test.UserTests_Properties - ********** Updating User ***************
14:29:53.484 [main] INFO  api.test.UserTests_Properties - ********** User updated ***************
14:29:54.566 [main] INFO  api.test.UserTests_Properties - **********   Deleting User  ***************
14:29:55.637 [main] INFO  api.test.UserTests_Properties - ********** User deleted ***************
